<<<<<<< HEAD
This is pdfTeX, Version 3.14159265-2.6-1.40.18 (TeX Live 2017) (preloaded format=pdflatex 2017.5.23)  7 SEP 2017 12:10
=======
This is pdfTeX, Version 3.14159265-2.6-1.40.16 (TeX Live 2015) (preloaded format=pdflatex 2015.5.24)  6 OCT 2017 16:18
>>>>>>> origin/master
entering extended mode
 restricted \write18 enabled.
 file:line:error style messages enabled.
 %&-line parsing enabled.
**Methods.tex
(./Methods.tex
<<<<<<< HEAD
LaTeX2e <2017-04-15>
Babel <3.10> and hyphenation patterns for 84 language(s) loaded.
=======
LaTeX2e <2015/01/01>
Babel <3.9l> and hyphenation patterns for 79 languages loaded.
>>>>>>> origin/master
./Methods.tex:7: Undefined control sequence.
l.7 \section
            {Methods}
? 
./Methods.tex:7: Emergency stop.
l.7 \section
            {Methods}
End of file on the terminal!

 
Here is how much of TeX's memory you used:
<<<<<<< HEAD
 5 strings out of 492995
 127 string characters out of 6132704
 54074 words of memory out of 5000000
 3658 multiletter control sequences out of 15000+600000
=======
 5 strings out of 493089
 127 string characters out of 6134842
 53199 words of memory out of 5000000
 3590 multiletter control sequences out of 15000+600000
>>>>>>> origin/master
 3640 words of font info for 14 fonts, out of 8000000 for 9000
 1141 hyphenation exceptions out of 8191
 5i,0n,1p,84b,8s stack positions out of 5000i,500n,10000p,200000b,80000s
./Methods.tex:7:  ==> Fatal error occurred, no output PDF file produced!
